<?xml version="1.0" encoding="UTF-8"?>
<testng-results ignored="0" total="3" passed="3" failed="0" skipped="0">
  <reporter-output>
  </reporter-output>
  <suite started-at="2023-05-15T20:30:33 IST" name="Default suite" finished-at="2023-05-15T20:31:09 IST" duration-ms="35627">
    <groups>
      <group name="cucumber">
        <method signature="AbstractTestNGCucumberTests.runScenario(io.cucumber.testng.PickleWrapper,io.cucumber.testng.FeatureWrapper)[pri:0, instance:Cucumber.options.testRunner@1972e513]" name="runScenario" class="io.cucumber.testng.AbstractTestNGCucumberTests"/>
      </group> <!-- cucumber -->
    </groups>
    <test started-at="2023-05-15T20:30:33 IST" name="Default test" finished-at="2023-05-15T20:31:09 IST" duration-ms="35627">
      <class name="Cucumber.options.testRunner">
        <test-method is-config="true" signature="setUpClass(org.testng.ITestContext)[pri:0, instance:Cucumber.options.testRunner@1972e513]" started-at="2023-05-15T20:30:33 IST" name="setUpClass" finished-at="2023-05-15T20:30:35 IST" duration-ms="1269" status="PASS">
          <params>
            <param index="0">
              <value>
                <![CDATA[org.testng.TestRunner@3dc40ab9]]>
              </value>
            </param>
          </params>
          <reporter-output>
          </reporter-output>
        </test-method> <!-- setUpClass -->
        <test-method signature="runScenario(io.cucumber.testng.PickleWrapper,io.cucumber.testng.FeatureWrapper)[pri:0, instance:Cucumber.options.testRunner@1972e513]" started-at="2023-05-15T20:30:35 IST" name="runScenario" description="Runs Cucumber Scenarios" data-provider="scenarios" finished-at="2023-05-15T20:30:49 IST" duration-ms="14798" status="PASS">
          <params>
            <param index="0">
              <value>
                <![CDATA["verify Login page"]]>
              </value>
            </param>
            <param index="1">
              <value>
                <![CDATA["Loginpage Feature"]]>
              </value>
            </param>
          </params>
          <reporter-output>
          </reporter-output>
        </test-method> <!-- runScenario -->
        <test-method signature="runScenario(io.cucumber.testng.PickleWrapper,io.cucumber.testng.FeatureWrapper)[pri:0, instance:Cucumber.options.testRunner@1972e513]" started-at="2023-05-15T20:30:50 IST" name="runScenario" description="Runs Cucumber Scenarios" data-provider="scenarios" finished-at="2023-05-15T20:31:00 IST" duration-ms="10048" status="PASS">
          <params>
            <param index="0">
              <value>
                <![CDATA["Verify logging into the Application using Keyboard keys (Tab and Enter)"]]>
              </value>
            </param>
            <param index="1">
              <value>
                <![CDATA["Loginpage Feature"]]>
              </value>
            </param>
          </params>
          <reporter-output>
          </reporter-output>
        </test-method> <!-- runScenario -->
        <test-method signature="runScenario(io.cucumber.testng.PickleWrapper,io.cucumber.testng.FeatureWrapper)[pri:0, instance:Cucumber.options.testRunner@1972e513]" started-at="2023-05-15T20:31:00 IST" name="runScenario" description="Runs Cucumber Scenarios" data-provider="scenarios" finished-at="2023-05-15T20:31:09 IST" duration-ms="9124" status="PASS">
          <params>
            <param index="0">
              <value>
                <![CDATA["Verify username  and Password text fields in the Login page have the place holder text"]]>
              </value>
            </param>
            <param index="1">
              <value>
                <![CDATA["Loginpage Feature"]]>
              </value>
            </param>
          </params>
          <reporter-output>
          </reporter-output>
        </test-method> <!-- runScenario -->
        <test-method is-config="true" signature="tearDownClass()[pri:0, instance:Cucumber.options.testRunner@1972e513]" started-at="2023-05-15T20:31:09 IST" name="tearDownClass" finished-at="2023-05-15T20:31:09 IST" duration-ms="255" status="PASS">
          <reporter-output>
          </reporter-output>
        </test-method> <!-- tearDownClass -->
      </class> <!-- Cucumber.options.testRunner -->
    </test> <!-- Default test -->
  </suite> <!-- Default suite -->
</testng-results>
